<?xml version="1.0" encoding="UTF-8" ?>
<testsuites>
  <testsuite errors="0" failures="0" hostname="BSiDeUp" id="0" name="SingletonFactoryTest" package="tl.factory" skipped="0" tests="1" time="0,024" timestamp="2011-12-06T10:50:13">
      <testcase classname="tl.factory::SingletonFactoryTest" name="testSingleton" time="0,024" />

  </testsuite>
  <testsuite errors="0" failures="0" hostname="BSiDeUp" id="1" name="AssociateTest" package="tl.ioc" skipped="0" tests="1" time="0,001" timestamp="2011-12-06T10:50:13">
      <testcase classname="tl.ioc::AssociateTest" name="testEquals" time="0,001" />

  </testsuite>
  <testsuite errors="0" failures="0" hostname="BSiDeUp" id="2" name="IOCHelperTest" package="tl.ioc" skipped="1" tests="4" time="0,005" timestamp="2011-12-06T10:50:13">
      <testcase classname="tl.ioc::IOCHelperTest" name="testRegisterType" time="0,003" />

      <testcase classname="tl.ioc::IOCHelperTest" name="testFactory" time="0,000" />

      <testcase classname="tl.ioc::IOCHelperTest" name="testRegisterNonImplementingType" time="0,001">
          <skipped />

      </testcase>

      <testcase classname="tl.ioc::IOCHelperTest" name="testInjection" time="0,001" />

  </testsuite>
  <testsuite errors="0" failures="0" hostname="BSiDeUp" id="3" name="DescribeTypeCachedTest" package="tl.utils" skipped="0" tests="2" time="0,026" timestamp="2011-12-06T10:50:05">
      <testcase classname="tl.utils::DescribeTypeCachedTest" name="testCachedClass" time="0,026" />

      <testcase classname="tl.utils::DescribeTypeCachedTest" name="testCachedObject" time="0,000" />

  </testsuite>
  <testsuite errors="0" failures="0" hostname="BSiDeUp" id="4" name="GetMethodsWithMetadataTest" package="tl.utils" skipped="0" tests="1" time="0,000" timestamp="2011-12-06T10:50:05">
      <testcase classname="tl.utils::GetMethodsWithMetadataTest" name="test" time="0,000" />

  </testsuite>
  <testsuite errors="0" failures="0" hostname="BSiDeUp" id="5" name="ObjectToMappedObjectTest" package="tl.utils" skipped="0" tests="3" time="0,000" timestamp="2011-12-06T10:50:05">
      <testcase classname="tl.utils::ObjectToMappedObjectTest" name="testComplexProperties" time="0,000" />

      <testcase classname="tl.utils::ObjectToMappedObjectTest" name="testArrays" time="0,000" />

      <testcase classname="tl.utils::ObjectToMappedObjectTest" name="testSimpleProperties" time="0,000" />

  </testsuite>
</testsuites>
